Arguments: 
  C:\Program Files\nodejs\node.exe C:\Program Files (x86)\Yarn\bin\yarn.js add --dev webpack babel-core babel-loader babel-present-es2015 node-sass css-loader sass-loader style-loader

PATH: 
  C:\Program Files\ConEmu\ConEmu\Scripts;C:\Program Files\ConEmu;C:\Program Files\ConEmu\ConEmu;C:\Program Files (x86)\Intel\iCLS Client\;C:\Program Files\Microsoft MPI\Bin\;C:\Anaconda3\Scripts\;C:\Anaconda3;C:\Program Files (x86)\Rockwell Software\RSCommon;C:\ProgramData\Oracle\Java\javapath;C:\Program Files\Intel\iCLS Client\;C:\WINDOWS\system32;C:\WINDOWS;C:\WINDOWS\System32\Wbem;C:\WINDOWS\System32\WindowsPowerShell\v1.0\;C:\Program Files (x86)\Common Files\Rockwell\;C:\Program Files\Calibre2\;C:\Program Files\Git\cmd;C:\Program Files (x86)\Microsoft SDKs\Azure\CLI\wbin;C:\Program Files (x86)\Microsoft SQL Server\Client SDK\ODBC\130\Tools\Binn\;C:\Program Files (x86)\Microsoft SQL Server\130\Tools\Binn\;C:\Program Files (x86)\Microsoft SQL Server\130\DTS\Binn\;C:\Program Files (x86)\Microsoft SQL Server\130\Tools\Binn\ManagementStudio\;C:\Program Files\Microsoft SQL Server\120\Tools\Binn\;C:\Program Files\Microsoft SQL Server\130\Tools\Binn\;C:\Program Files (x86)\Windows Kits\10\Windows Performance Toolkit\;C:\Program Files\nodejs\;C:\Program Files (x86)\Yarn\bin;C:\Program Files (x86)\Skype\Phone\;C:\Program Files (x86)\Microsoft SQL Server\140\Tools\Binn\;C:\Program Files\Microsoft SQL Server\140\Tools\Binn\;C:\Program Files (x86)\Microsoft SQL Server\140\DTS\Binn\;C:\Program Files\Microsoft SQL Server\140\DTS\Binn\;C:\Program Files\Microsoft SQL Server\Client SDK\ODBC\130\Tools\Binn\;C:\Program Files (x86)\Intel\Intel(R) Management Engine Components\DAL;C:\Program Files\Intel\Intel(R) Management Engine Components\DAL;C:\Program Files (x86)\Intel\Intel(R) Management Engine Components\IPT;C:\Program Files\Intel\Intel(R) Management Engine Components\IPT;C:\Program Files\Intel\WiFi\bin\;C:\Program Files\Common Files\Intel\WirelessCommon\;C:\Program Files (x86)\REFPROP\;C:\Users\Thomas\AppData\Local\Microsoft\WindowsApps;C:\Users\Thomas\AppData\Roaming\npm;C:\Users\Thomas\AppData\Local\Yarn\bin;C:\Program Files\Microsoft VS Code\bin

Yarn version: 
  0.27.5

Node version: 
  6.9.5

Platform: 
  win32 x64

npm manifest: 
  {
    "name": "ORCWorldMap",
    "version": "1.0.0",
    "main": "index.js",
    "author": "Thomas Tartiere <thomas.tartiere@gmail.com>",
    "license": "MIT"
  }

yarn manifest: 
  No manifest

Lockfile: 
  No lockfile

Trace: 
  Error: https://registry.yarnpkg.com/babel-present-es2015: Not found
      at Request.params.callback [as _callback] (C:\Program Files (x86)\Yarn\lib\yarn-cli.js:58200:18)
      at Request.self.callback (C:\Program Files (x86)\Yarn\lib\yarn-cli.js:114242:22)
      at emitTwo (events.js:106:13)
      at Request.emit (events.js:191:7)
      at Request.<anonymous> (C:\Program Files (x86)\Yarn\lib\yarn-cli.js:115225:10)
      at emitOne (events.js:96:13)
      at Request.emit (events.js:188:7)
      at IncomingMessage.<anonymous> (C:\Program Files (x86)\Yarn\lib\yarn-cli.js:115145:12)
      at IncomingMessage.g (events.js:291:16)
      at emitNone (events.js:91:20)
      at IncomingMessage.emit (events.js:185:7)
